2017-08-31 05:35:05 [172.17.0.1][-][-][warning][yii\debug\Module::checkAccess] Access to debugger is denied due to IP address restriction. The requesting IP address is 172.17.0.1
2017-08-31 05:35:05 [172.17.0.1][-][-][warning][yii\log\Dispatcher::dispatch] Unable to send log via yii\debug\LogTarget: Exception (Invalid Configuration) 'yii\base\InvalidConfigException' with message 'The directory does not exist: /opt/htdocs/oliu.online/backend/web/assets' 

in /opt/htdocs/oliu.online/vendor/yiisoft/yii2/web/AssetManager.php:213

Stack trace:
#0 /opt/htdocs/oliu.online/vendor/yiisoft/yii2/base/Object.php(107): yii\web\AssetManager->init()
#1 [internal function]: yii\base\Object->__construct(Array)
#2 /opt/htdocs/oliu.online/vendor/yiisoft/yii2/di/Container.php(375): ReflectionClass->newInstanceArgs(Array)
#3 /opt/htdocs/oliu.online/vendor/yiisoft/yii2/di/Container.php(156): yii\di\Container->build('yii\\web\\AssetMa...', Array, Array)
#4 /opt/htdocs/oliu.online/vendor/yiisoft/yii2/BaseYii.php(344): yii\di\Container->get('yii\\web\\AssetMa...', Array, Array)
#5 /opt/htdocs/oliu.online/vendor/yiisoft/yii2/di/ServiceLocator.php(135): yii\BaseYii::createObject(Array)
#6 /opt/htdocs/oliu.online/vendor/yiisoft/yii2/base/Application.php(605): yii\di\ServiceLocator->get('assetManager')
#7 /opt/htdocs/oliu.online/vendor/yiisoft/yii2/web/View.php(225): yii\base\Application->getAssetManager()
#8 /opt/htdocs/oliu.online/vendor/yiisoft/yii2/base/Component.php(132): yii\web\View->getAssetManager()
#9 /opt/htdocs/oliu.online/vendor/yiisoft/yii2-debug/panels/AssetPanel.php(53): yii\base\Component->__get('assetManager')
#10 /opt/htdocs/oliu.online/vendor/yiisoft/yii2-debug/LogTarget.php(54): yii\debug\panels\AssetPanel->save()
#11 /opt/htdocs/oliu.online/vendor/yiisoft/yii2-debug/LogTarget.php(118): yii\debug\LogTarget->export()
#12 /opt/htdocs/oliu.online/vendor/yiisoft/yii2/log/Dispatcher.php(188): yii\debug\LogTarget->collect(Array, true)
#13 /opt/htdocs/oliu.online/vendor/yiisoft/yii2/log/Logger.php(177): yii\log\Dispatcher->dispatch(Array, true)
#14 [internal function]: yii\log\Logger->flush(true)
#15 {main}
2017-08-31 07:27:22 [172.17.0.1][-][-][warning][yii\debug\Module::checkAccess] Access to debugger is denied due to IP address restriction. The requesting IP address is 172.17.0.1
2017-08-31 07:27:22 [172.17.0.1][-][-][warning][yii\log\Dispatcher::dispatch] Unable to send log via yii\debug\LogTarget: Exception (Invalid Configuration) 'yii\base\InvalidConfigException' with message 'The directory does not exist: /opt/htdocs/oliu.online/backend/web/assets' 

in /opt/htdocs/oliu.online/vendor/yiisoft/yii2/web/AssetManager.php:213

Stack trace:
#0 /opt/htdocs/oliu.online/vendor/yiisoft/yii2/base/Object.php(107): yii\web\AssetManager->init()
#1 [internal function]: yii\base\Object->__construct(Array)
#2 /opt/htdocs/oliu.online/vendor/yiisoft/yii2/di/Container.php(375): ReflectionClass->newInstanceArgs(Array)
#3 /opt/htdocs/oliu.online/vendor/yiisoft/yii2/di/Container.php(156): yii\di\Container->build('yii\\web\\AssetMa...', Array, Array)
#4 /opt/htdocs/oliu.online/vendor/yiisoft/yii2/BaseYii.php(344): yii\di\Container->get('yii\\web\\AssetMa...', Array, Array)
#5 /opt/htdocs/oliu.online/vendor/yiisoft/yii2/di/ServiceLocator.php(135): yii\BaseYii::createObject(Array)
#6 /opt/htdocs/oliu.online/vendor/yiisoft/yii2/base/Application.php(605): yii\di\ServiceLocator->get('assetManager')
#7 /opt/htdocs/oliu.online/vendor/yiisoft/yii2/web/View.php(225): yii\base\Application->getAssetManager()
#8 /opt/htdocs/oliu.online/vendor/yiisoft/yii2/base/Component.php(132): yii\web\View->getAssetManager()
#9 /opt/htdocs/oliu.online/vendor/yiisoft/yii2-debug/panels/AssetPanel.php(53): yii\base\Component->__get('assetManager')
#10 /opt/htdocs/oliu.online/vendor/yiisoft/yii2-debug/LogTarget.php(54): yii\debug\panels\AssetPanel->save()
#11 /opt/htdocs/oliu.online/vendor/yiisoft/yii2-debug/LogTarget.php(118): yii\debug\LogTarget->export()
#12 /opt/htdocs/oliu.online/vendor/yiisoft/yii2/log/Dispatcher.php(188): yii\debug\LogTarget->collect(Array, true)
#13 /opt/htdocs/oliu.online/vendor/yiisoft/yii2/log/Logger.php(177): yii\log\Dispatcher->dispatch(Array, true)
#14 [internal function]: yii\log\Logger->flush(true)
#15 {main}
2017-08-31 07:27:22 [172.17.0.1][-][8bmnj0moq5ivncb5sm19aiqcej][error][yii\base\InvalidConfigException] yii\base\InvalidConfigException: The directory does not exist: /opt/htdocs/oliu.online/backend/web/assets in /opt/htdocs/oliu.online/vendor/yiisoft/yii2/web/AssetManager.php:213
Stack trace:
#0 /opt/htdocs/oliu.online/vendor/yiisoft/yii2/base/Object.php(107): yii\web\AssetManager->init()
#1 [internal function]: yii\base\Object->__construct(Array)
#2 /opt/htdocs/oliu.online/vendor/yiisoft/yii2/di/Container.php(375): ReflectionClass->newInstanceArgs(Array)
#3 /opt/htdocs/oliu.online/vendor/yiisoft/yii2/di/Container.php(156): yii\di\Container->build('yii\\web\\AssetMa...', Array, Array)
#4 /opt/htdocs/oliu.online/vendor/yiisoft/yii2/BaseYii.php(344): yii\di\Container->get('yii\\web\\AssetMa...', Array, Array)
#5 /opt/htdocs/oliu.online/vendor/yiisoft/yii2/di/ServiceLocator.php(135): yii\BaseYii::createObject(Array)
#6 /opt/htdocs/oliu.online/vendor/yiisoft/yii2/base/Application.php(605): yii\di\ServiceLocator->get('assetManager')
#7 /opt/htdocs/oliu.online/vendor/yiisoft/yii2/web/View.php(225): yii\base\Application->getAssetManager()
#8 /opt/htdocs/oliu.online/vendor/yiisoft/yii2/web/View.php(285): yii\web\View->getAssetManager()
#9 /opt/htdocs/oliu.online/vendor/yiisoft/yii2/web/AssetBundle.php(125): yii\web\View->registerAssetBundle('yii\\widgets\\Act...')
#10 /opt/htdocs/oliu.online/vendor/yiisoft/yii2/widgets/ActiveForm.php(212): yii\web\AssetBundle::register(Object(yii\web\View))
#11 /opt/htdocs/oliu.online/vendor/yiisoft/yii2/base/Widget.php(109): yii\widgets\ActiveForm->run()
#12 /opt/htdocs/oliu.online/backend/modules/site/views/default/login.php(54): yii\base\Widget::end()
#13 /opt/htdocs/oliu.online/vendor/yiisoft/yii2/base/View.php(328): require('/opt/htdocs/oli...')
#14 /opt/htdocs/oliu.online/vendor/yiisoft/yii2/base/View.php(250): yii\base\View->renderPhpFile('/opt/htdocs/oli...', Array)
#15 /opt/htdocs/oliu.online/vendor/yiisoft/yii2/base/View.php(152): yii\base\View->renderFile('/opt/htdocs/oli...', Array, Object(backend\modules\site\controllers\DefaultController))
#16 /opt/htdocs/oliu.online/vendor/yiisoft/yii2/base/Controller.php(381): yii\base\View->render('login', Array, Object(backend\modules\site\controllers\DefaultController))
#17 /opt/htdocs/oliu.online/backend/modules/site/controllers/DefaultController.php(126): yii\base\Controller->render('login', Array)
#18 [internal function]: backend\modules\site\controllers\DefaultController->actionLogin()
#19 /opt/htdocs/oliu.online/vendor/yiisoft/yii2/base/InlineAction.php(57): call_user_func_array(Array, Array)
#20 /opt/htdocs/oliu.online/vendor/yiisoft/yii2/base/Controller.php(156): yii\base\InlineAction->runWithParams(Array)
#21 /opt/htdocs/oliu.online/vendor/yiisoft/yii2/base/Module.php(523): yii\base\Controller->runAction('login', Array)
#22 /opt/htdocs/oliu.online/vendor/yiisoft/yii2/web/Application.php(102): yii\base\Module->runAction('site/default/lo...', Array)
#23 /opt/htdocs/oliu.online/vendor/yiisoft/yii2/base/Application.php(380): yii\web\Application->handleRequest(Object(yii\web\Request))
#24 /opt/htdocs/oliu.online/backend/web/index.php(22): yii\base\Application->run()
#25 {main}
2017-08-31 07:27:23 [172.17.0.1][-][8bmnj0moq5ivncb5sm19aiqcej][warning][yii\debug\Module::checkAccess] Access to debugger is denied due to IP address restriction. The requesting IP address is 172.17.0.1
2017-08-31 07:27:23 [172.17.0.1][-][8bmnj0moq5ivncb5sm19aiqcej][warning][yii\debug\Module::checkAccess] Access to debugger is denied due to IP address restriction. The requesting IP address is 172.17.0.1
2017-08-31 07:27:23 [172.17.0.1][-][8bmnj0moq5ivncb5sm19aiqcej][warning][yii\log\Dispatcher::dispatch] Unable to send log via yii\debug\LogTarget: Exception (Invalid Configuration) 'yii\base\InvalidConfigException' with message 'The directory does not exist: /opt/htdocs/oliu.online/backend/web/assets' 

in /opt/htdocs/oliu.online/vendor/yiisoft/yii2/web/AssetManager.php:213

Stack trace:
#0 /opt/htdocs/oliu.online/vendor/yiisoft/yii2/base/Object.php(107): yii\web\AssetManager->init()
#1 [internal function]: yii\base\Object->__construct(Array)
#2 /opt/htdocs/oliu.online/vendor/yiisoft/yii2/di/Container.php(375): ReflectionClass->newInstanceArgs(Array)
#3 /opt/htdocs/oliu.online/vendor/yiisoft/yii2/di/Container.php(156): yii\di\Container->build('yii\\web\\AssetMa...', Array, Array)
#4 /opt/htdocs/oliu.online/vendor/yiisoft/yii2/BaseYii.php(344): yii\di\Container->get('yii\\web\\AssetMa...', Array, Array)
#5 /opt/htdocs/oliu.online/vendor/yiisoft/yii2/di/ServiceLocator.php(135): yii\BaseYii::createObject(Array)
#6 /opt/htdocs/oliu.online/vendor/yiisoft/yii2/base/Application.php(605): yii\di\ServiceLocator->get('assetManager')
#7 /opt/htdocs/oliu.online/vendor/yiisoft/yii2/web/View.php(225): yii\base\Application->getAssetManager()
#8 /opt/htdocs/oliu.online/vendor/yiisoft/yii2/base/Component.php(132): yii\web\View->getAssetManager()
#9 /opt/htdocs/oliu.online/vendor/yiisoft/yii2-debug/panels/AssetPanel.php(53): yii\base\Component->__get('assetManager')
#10 /opt/htdocs/oliu.online/vendor/yiisoft/yii2-debug/LogTarget.php(54): yii\debug\panels\AssetPanel->save()
#11 /opt/htdocs/oliu.online/vendor/yiisoft/yii2-debug/LogTarget.php(118): yii\debug\LogTarget->export()
#12 /opt/htdocs/oliu.online/vendor/yiisoft/yii2/log/Dispatcher.php(188): yii\debug\LogTarget->collect(Array, true)
#13 /opt/htdocs/oliu.online/vendor/yiisoft/yii2/log/Logger.php(177): yii\log\Dispatcher->dispatch(Array, true)
#14 /opt/htdocs/oliu.online/vendor/yiisoft/yii2/base/ErrorHandler.php(113): yii\log\Logger->flush(true)
#15 [internal function]: yii\base\ErrorHandler->handleException(Object(yii\base\InvalidConfigException))
#16 {main}
2017-08-31 07:31:47 [172.17.0.1][-][-][warning][yii\debug\Module::checkAccess] Access to debugger is denied due to IP address restriction. The requesting IP address is 172.17.0.1
    in /opt/htdocs/oliu.online/backend/views/layouts/main-login.php:26
    in /opt/htdocs/oliu.online/backend/views/layouts/main.php:17
    in /opt/htdocs/oliu.online/backend/modules/site/controllers/DefaultController.php:126
2017-08-31 07:31:47 [172.17.0.1][-][-][warning][yii\debug\Module::checkAccess] Access to debugger is denied due to IP address restriction. The requesting IP address is 172.17.0.1
2017-08-31 07:33:22 [172.17.0.1][3][-][warning][yii\debug\Module::checkAccess] Access to debugger is denied due to IP address restriction. The requesting IP address is 172.17.0.1
2017-08-31 07:33:23 [172.17.0.1][3][mup06fpj3kqk7nr6ec30ibb2al][error][application] Pheanstalk\Exception\ConnectionException: Socket error 111: Connection refused (connecting to 127.0.0.1:11300) in /opt/htdocs/oliu.online/vendor/pda/pheanstalk/src/Socket/NativeSocket.php:45
Stack trace:
#0 /opt/htdocs/oliu.online/vendor/pda/pheanstalk/src/Connection.php(190): Pheanstalk\Socket\NativeSocket->__construct('127.0.0.1', 11300, 1, false)
#1 /opt/htdocs/oliu.online/vendor/pda/pheanstalk/src/Connection.php(98): Pheanstalk\Connection->_getSocket()
#2 /opt/htdocs/oliu.online/vendor/pda/pheanstalk/src/Pheanstalk.php(396): Pheanstalk\Connection->dispatchCommand(Object(Pheanstalk\Command\ListTubesCommand))
#3 /opt/htdocs/oliu.online/vendor/pda/pheanstalk/src/Pheanstalk.php(112): Pheanstalk\Pheanstalk->_dispatch(Object(Pheanstalk\Command\ListTubesCommand))
#4 [internal function]: Pheanstalk\Pheanstalk->listTubes()
#5 /opt/htdocs/oliu.online/common/components/yii2beanstalk/Beanstalk.php(95): call_user_func_array(Array, Array)
#6 /opt/htdocs/oliu.online/backend/modules/site/controllers/DefaultController.php(81): common\components\yii2beanstalk\Beanstalk->__call('listTubes', Array)
#7 [internal function]: backend\modules\site\controllers\DefaultController->actionIndex()
#8 /opt/htdocs/oliu.online/vendor/yiisoft/yii2/base/InlineAction.php(57): call_user_func_array(Array, Array)
#9 /opt/htdocs/oliu.online/vendor/yiisoft/yii2/base/Controller.php(156): yii\base\InlineAction->runWithParams(Array)
#10 /opt/htdocs/oliu.online/vendor/yiisoft/yii2/base/Module.php(523): yii\base\Controller->runAction('', Array)
#11 /opt/htdocs/oliu.online/vendor/yiisoft/yii2/web/Application.php(102): yii\base\Module->runAction('', Array)
#12 /opt/htdocs/oliu.online/vendor/yiisoft/yii2/base/Application.php(380): yii\web\Application->handleRequest(Object(yii\web\Request))
#13 /opt/htdocs/oliu.online/backend/web/index.php(22): yii\base\Application->run()
#14 {main}
    in /opt/htdocs/oliu.online/common/components/yii2beanstalk/Beanstalk.php:111
    in /opt/htdocs/oliu.online/backend/modules/site/controllers/DefaultController.php:81
2017-08-31 07:33:23 [172.17.0.1][3][mup06fpj3kqk7nr6ec30ibb2al][error][yii\base\ErrorException:2] yii\base\ErrorException: Invalid argument supplied for foreach() in /opt/htdocs/oliu.online/backend/modules/site/controllers/DefaultController.php:83
Stack trace:
#0 /opt/htdocs/oliu.online/vendor/yiisoft/yii2/base/InlineAction.php(57): ::call_user_func_array:{/opt/htdocs/oliu.online/vendor/yiisoft/yii2/base/InlineAction.php:57}()
#1 /opt/htdocs/oliu.online/vendor/yiisoft/yii2/base/Controller.php(156): yii\base\InlineAction->runWithParams()
#2 /opt/htdocs/oliu.online/vendor/yiisoft/yii2/base/Module.php(523): yii\base\Controller->runAction()
#3 /opt/htdocs/oliu.online/vendor/yiisoft/yii2/web/Application.php(102): yii\base\Module->runAction()
#4 /opt/htdocs/oliu.online/vendor/yiisoft/yii2/base/Application.php(380): yii\web\Application->handleRequest()
#5 /opt/htdocs/oliu.online/backend/web/index.php(22): yii\base\Application->run()
#6 {main}
2017-08-31 07:33:23 [172.17.0.1][3][mup06fpj3kqk7nr6ec30ibb2al][warning][yii\debug\Module::checkAccess] Access to debugger is denied due to IP address restriction. The requesting IP address is 172.17.0.1
2017-08-31 08:26:20 [172.17.0.1][3][fn7rb77dug9ftga6bkqsmjcdlf][error][application] Pheanstalk\Exception\ConnectionException: Socket error 111: Connection refused (connecting to 127.0.0.1:11300) in /opt/htdocs/oliu.online/vendor/pda/pheanstalk/src/Socket/NativeSocket.php:45
Stack trace:
#0 /opt/htdocs/oliu.online/vendor/pda/pheanstalk/src/Connection.php(190): Pheanstalk\Socket\NativeSocket->__construct('127.0.0.1', 11300, 1, false)
#1 /opt/htdocs/oliu.online/vendor/pda/pheanstalk/src/Connection.php(98): Pheanstalk\Connection->_getSocket()
#2 /opt/htdocs/oliu.online/vendor/pda/pheanstalk/src/Pheanstalk.php(396): Pheanstalk\Connection->dispatchCommand(Object(Pheanstalk\Command\ListTubesCommand))
#3 /opt/htdocs/oliu.online/vendor/pda/pheanstalk/src/Pheanstalk.php(112): Pheanstalk\Pheanstalk->_dispatch(Object(Pheanstalk\Command\ListTubesCommand))
#4 [internal function]: Pheanstalk\Pheanstalk->listTubes()
#5 /opt/htdocs/oliu.online/common/components/yii2beanstalk/Beanstalk.php(95): call_user_func_array(Array, Array)
#6 /opt/htdocs/oliu.online/backend/modules/site/controllers/DefaultController.php(81): common\components\yii2beanstalk\Beanstalk->__call('listTubes', Array)
#7 [internal function]: backend\modules\site\controllers\DefaultController->actionIndex()
#8 /opt/htdocs/oliu.online/vendor/yiisoft/yii2/base/InlineAction.php(57): call_user_func_array(Array, Array)
#9 /opt/htdocs/oliu.online/vendor/yiisoft/yii2/base/Controller.php(156): yii\base\InlineAction->runWithParams(Array)
#10 /opt/htdocs/oliu.online/vendor/yiisoft/yii2/base/Module.php(523): yii\base\Controller->runAction('', Array)
#11 /opt/htdocs/oliu.online/vendor/yiisoft/yii2/web/Application.php(102): yii\base\Module->runAction('', Array)
#12 /opt/htdocs/oliu.online/vendor/yiisoft/yii2/base/Application.php(380): yii\web\Application->handleRequest(Object(yii\web\Request))
#13 /opt/htdocs/oliu.online/backend/web/index.php(22): yii\base\Application->run()
#14 {main}
    in /opt/htdocs/oliu.online/common/components/yii2beanstalk/Beanstalk.php:111
    in /opt/htdocs/oliu.online/backend/modules/site/controllers/DefaultController.php:81
2017-08-31 08:26:20 [172.17.0.1][3][fn7rb77dug9ftga6bkqsmjcdlf][error][yii\base\ErrorException:2] yii\base\ErrorException: Invalid argument supplied for foreach() in /opt/htdocs/oliu.online/backend/modules/site/controllers/DefaultController.php:83
Stack trace:
#0 /opt/htdocs/oliu.online/vendor/yiisoft/yii2/base/InlineAction.php(57): ::call_user_func_array:{/opt/htdocs/oliu.online/vendor/yiisoft/yii2/base/InlineAction.php:57}()
#1 /opt/htdocs/oliu.online/vendor/yiisoft/yii2/base/Controller.php(156): yii\base\InlineAction->runWithParams()
#2 /opt/htdocs/oliu.online/vendor/yiisoft/yii2/base/Module.php(523): yii\base\Controller->runAction()
#3 /opt/htdocs/oliu.online/vendor/yiisoft/yii2/web/Application.php(102): yii\base\Module->runAction()
#4 /opt/htdocs/oliu.online/vendor/yiisoft/yii2/base/Application.php(380): yii\web\Application->handleRequest()
#5 /opt/htdocs/oliu.online/backend/web/index.php(22): yii\base\Application->run()
#6 {main}
2017-08-31 08:26:20 [172.17.0.1][3][fn7rb77dug9ftga6bkqsmjcdlf][warning][yii\debug\Module::checkAccess] Access to debugger is denied due to IP address restriction. The requesting IP address is 172.17.0.1
2017-08-31 09:09:26 [172.17.0.1][3][ij397p9vjh7cv4o97brsj1cenu][error][application] Pheanstalk\Exception\ConnectionException: Socket error 111: Connection refused (connecting to 127.0.0.1:11300) in /opt/htdocs/oliu.online/vendor/pda/pheanstalk/src/Socket/NativeSocket.php:45
Stack trace:
#0 /opt/htdocs/oliu.online/vendor/pda/pheanstalk/src/Connection.php(190): Pheanstalk\Socket\NativeSocket->__construct('127.0.0.1', 11300, 1, false)
#1 /opt/htdocs/oliu.online/vendor/pda/pheanstalk/src/Connection.php(98): Pheanstalk\Connection->_getSocket()
#2 /opt/htdocs/oliu.online/vendor/pda/pheanstalk/src/Pheanstalk.php(396): Pheanstalk\Connection->dispatchCommand(Object(Pheanstalk\Command\ListTubesCommand))
#3 /opt/htdocs/oliu.online/vendor/pda/pheanstalk/src/Pheanstalk.php(112): Pheanstalk\Pheanstalk->_dispatch(Object(Pheanstalk\Command\ListTubesCommand))
#4 [internal function]: Pheanstalk\Pheanstalk->listTubes()
#5 /opt/htdocs/oliu.online/common/components/yii2beanstalk/Beanstalk.php(95): call_user_func_array(Array, Array)
#6 /opt/htdocs/oliu.online/backend/modules/site/controllers/DefaultController.php(81): common\components\yii2beanstalk\Beanstalk->__call('listTubes', Array)
#7 [internal function]: backend\modules\site\controllers\DefaultController->actionIndex()
#8 /opt/htdocs/oliu.online/vendor/yiisoft/yii2/base/InlineAction.php(57): call_user_func_array(Array, Array)
#9 /opt/htdocs/oliu.online/vendor/yiisoft/yii2/base/Controller.php(156): yii\base\InlineAction->runWithParams(Array)
#10 /opt/htdocs/oliu.online/vendor/yiisoft/yii2/base/Module.php(523): yii\base\Controller->runAction('', Array)
#11 /opt/htdocs/oliu.online/vendor/yiisoft/yii2/web/Application.php(102): yii\base\Module->runAction('', Array)
#12 /opt/htdocs/oliu.online/vendor/yiisoft/yii2/base/Application.php(380): yii\web\Application->handleRequest(Object(yii\web\Request))
#13 /opt/htdocs/oliu.online/backend/web/index.php(22): yii\base\Application->run()
#14 {main}
    in /opt/htdocs/oliu.online/common/components/yii2beanstalk/Beanstalk.php:111
    in /opt/htdocs/oliu.online/backend/modules/site/controllers/DefaultController.php:81
2017-08-31 09:09:26 [172.17.0.1][3][ij397p9vjh7cv4o97brsj1cenu][error][yii\base\ErrorException:2] yii\base\ErrorException: Invalid argument supplied for foreach() in /opt/htdocs/oliu.online/backend/modules/site/controllers/DefaultController.php:83
Stack trace:
#0 /opt/htdocs/oliu.online/vendor/yiisoft/yii2/base/InlineAction.php(57): ::call_user_func_array:{/opt/htdocs/oliu.online/vendor/yiisoft/yii2/base/InlineAction.php:57}()
#1 /opt/htdocs/oliu.online/vendor/yiisoft/yii2/base/Controller.php(156): yii\base\InlineAction->runWithParams()
#2 /opt/htdocs/oliu.online/vendor/yiisoft/yii2/base/Module.php(523): yii\base\Controller->runAction()
#3 /opt/htdocs/oliu.online/vendor/yiisoft/yii2/web/Application.php(102): yii\base\Module->runAction()
#4 /opt/htdocs/oliu.online/vendor/yiisoft/yii2/base/Application.php(380): yii\web\Application->handleRequest()
#5 /opt/htdocs/oliu.online/backend/web/index.php(22): yii\base\Application->run()
#6 {main}
2017-08-31 09:09:26 [172.17.0.1][3][ij397p9vjh7cv4o97brsj1cenu][warning][yii\debug\Module::checkAccess] Access to debugger is denied due to IP address restriction. The requesting IP address is 172.17.0.1
